[2019-12-21T16:54:50.857] [INFO] default - --------------------------- 开始编译 ---------------------------
[2019-12-21T16:54:50.859] [INFO] default - 程序运行目录: C:\Users\my\Documents\GitHub\General-topics-of-local-two-sessions
[2019-12-21T16:54:50.860] [INFO] default - 首次启动!
[2019-12-21T16:54:50.860] [INFO] default - 生成版本号: w0p3emlibo
[2019-12-21T16:54:50.870] [INFO] default - 清理资源文件夹: C:\Users\my\Documents\GitHub\General-topics-of-local-two-sessions\dist\static
[2019-12-21T16:54:50.870] [INFO] default - 文件夹不存在: C:\Users\my\Documents\GitHub\General-topics-of-local-two-sessions\dist\static
[2019-12-21T16:54:50.871] [INFO] default - 创建文件夹: C:\Users\my\Documents\GitHub\General-topics-of-local-two-sessions\dist\static
[2019-12-21T16:54:50.871] [INFO] default - 读取模板文件: C:\Users\my\Documents\GitHub\pack\lib\index.html
[2019-12-21T16:54:50.871] [DEBUG] default - 读取网页标题: {TAG_14226_TAG}
[2019-12-21T16:54:50.871] [DEBUG] default - 处理页面源信息: [{"http-equiv":"content-type","content":"text/html; charset=UTF-8"},{"name":"viewport","content":"width=device-width, initial-scale=1.0, maximum-scale=1.0, minimum-scale=1.0, user-scalable=no"},{"name":"format-detection","content":"telephone=no, email=no"},{"name":"apple-mobile-web-app-capable","content":"yes"},{"name":"apple-mobile-web-app-status-bar-style","content":"white"},{"name":"renderer","content":"webkit"},{"http-equiv":"X-UA-Compatible","content":"IE=edge,chrome=1"},{"name":"filetype","content":"1"},{"name":"publishedtype","content":"1"},{"name":"pagetype","content":"2"},{"name":"screen-orientation","content":"landscape"},{"name":"x5-orientation","content":"landscape"},{"name":"full-screen","content":"yes"},{"name":"x5-fullscreen","content":"true"},{"name":"browsermode","content":"application"},{"name":"x5-page-mode","content":"app"}]
[2019-12-21T16:54:50.872] [INFO] default - 开始处理模块: one
[2019-12-21T16:54:51.300] [DEBUG] default - 缓存模板: one./src/page/one.owo
[2019-12-21T16:54:51.345] [DEBUG] default - 发现 keyframes 规则: fade
[2019-12-21T16:54:51.346] [DEBUG] default - 页面one处理用时: 474 毫秒!
[2019-12-21T16:54:51.346] [INFO] default - 开始处理模块: two
[2019-12-21T16:54:51.368] [INFO] default - 开始处理模块: slideNav
[2019-12-21T16:54:51.391] [DEBUG] default - 缓存模板: slideNav./src/module/slideNav.owo
[2019-12-21T16:54:51.398] [DEBUG] default - 发现 comment 规则: undefined
[2019-12-21T16:54:51.398] [DEBUG] default - 发现 comment 规则: undefined
[2019-12-21T16:54:51.405] [DEBUG] default - 模块slideNav处理用时: 37 毫秒!
[2019-12-21T16:54:51.406] [INFO] default - 开始处理模块: ProgressBarSwiper
[2019-12-21T16:54:51.406] [DEBUG] default - 使用文件缓存:C:\Users\my\Documents\GitHub\General-topics-of-local-two-sessions\owo_modules\ef04bf016b1944b8b560383b901de2d9.owo
[2019-12-21T16:54:51.421] [DEBUG] default - 缓存模板: ProgressBarSwiperhttps://owo.ink/public/33c14955e58bc9beadf93b1015fdbe5b.page
[2019-12-21T16:54:51.431] [DEBUG] default - 模块ProgressBarSwiper处理用时: 25 毫秒!
[2019-12-21T16:54:51.431] [INFO] default - 开始处理模块: newsList
[2019-12-21T16:54:51.440] [DEBUG] default - 缓存模板: newsList./src/module/newsList.owo
[2019-12-21T16:54:51.444] [DEBUG] default - 模块newsList处理用时: 13 毫秒!
[2019-12-21T16:54:51.445] [DEBUG] default - 模块 newsList 因名称重复被重命名为 newsList-1
[2019-12-21T16:54:51.445] [INFO] default - 开始处理模块: newsList-1
[2019-12-21T16:54:51.445] [DEBUG] default - 使用缓存返回模板: newsList-1
[2019-12-21T16:54:51.447] [DEBUG] default - 模块newsList处理用时: 2 毫秒!
[2019-12-21T16:54:51.449] [DEBUG] default - 缓存模板: two./src/page/two.owo
[2019-12-21T16:54:51.452] [DEBUG] default - 页面two处理用时: 106 毫秒!
[2019-12-21T16:54:51.452] [INFO] default - 开始处理模块: three
[2019-12-21T16:54:51.535] [DEBUG] default - 缓存模板: three./src/page/three.owo
[2019-12-21T16:54:51.546] [DEBUG] default - 页面three处理用时: 94 毫秒!
[2019-12-21T16:54:51.547] [INFO] default - 开始处理模块: eight
[2019-12-21T16:54:51.631] [DEBUG] default - 缓存模板: eight./src/page/eight.owo
[2019-12-21T16:54:51.640] [DEBUG] default - 页面eight处理用时: 93 毫秒!
[2019-12-21T16:54:51.640] [INFO] default - 开始处理模块: seven
[2019-12-21T16:54:51.648] [INFO] default - 开始处理模块: cardSwiper3
[2019-12-21T16:54:51.744] [DEBUG] default - 缓存模板: cardSwiper3./src/module/cardSwiper3.owo
[2019-12-21T16:54:51.768] [DEBUG] default - 模块cardSwiper3处理用时: 121 毫秒!
[2019-12-21T16:54:51.772] [DEBUG] default - 缓存模板: seven./src/page/seven.owo
[2019-12-21T16:54:51.773] [DEBUG] default - 页面seven处理用时: 133 毫秒!
[2019-12-21T16:54:51.773] [INFO] default - 开始处理模块: five
[2019-12-21T16:54:51.822] [INFO] default - 开始处理模块: cardSwiper2
[2019-12-21T16:54:51.826] [DEBUG] default - 缓存模板: cardSwiper2./src/module/cardSwiper2.owo
[2019-12-21T16:54:51.832] [DEBUG] default - 模块cardSwiper2处理用时: 11 毫秒!
[2019-12-21T16:54:51.834] [DEBUG] default - 缓存模板: five./src/page/five.owo
[2019-12-21T16:54:51.836] [DEBUG] default - 页面five处理用时: 63 毫秒!
[2019-12-21T16:54:51.837] [INFO] default - 开始处理模块: six
[2019-12-21T16:54:51.842] [INFO] default - 开始处理模块: rollNews
[2019-12-21T16:54:51.850] [DEBUG] default - 缓存模板: rollNews./src/module/rollNews.owo
[2019-12-21T16:54:51.854] [DEBUG] default - 模块rollNews处理用时: 12 毫秒!
[2019-12-21T16:54:51.855] [DEBUG] default - 缓存模板: six./src/page/six.owo
[2019-12-21T16:54:51.860] [DEBUG] default - 页面six处理用时: 23 毫秒!
[2019-12-21T16:54:51.860] [INFO] default - 开始处理模块: four
[2019-12-21T16:54:51.865] [INFO] default - 开始处理模块: cardSwiper
[2019-12-21T16:54:51.881] [DEBUG] default - 缓存模板: cardSwiper./src/module/cardSwiper.owo
[2019-12-21T16:54:51.889] [DEBUG] default - 模块cardSwiper处理用时: 24 毫秒!
[2019-12-21T16:54:51.890] [DEBUG] default - 缓存模板: four./src/page/four.owo
[2019-12-21T16:54:51.890] [DEBUG] default - 页面four处理用时: 30 毫秒!
[2019-12-21T16:54:51.891] [INFO] default - 开始处理模块: leaving
[2019-12-21T16:54:51.894] [DEBUG] default - 缓存模板: leaving./src/page/leaving.owo
[2019-12-21T16:54:51.895] [DEBUG] default - 页面leaving处理用时: 4 毫秒!
[2019-12-21T16:54:51.896] [INFO] default - 开始处理模块: menu
[2019-12-21T16:54:51.902] [DEBUG] default - 缓存模板: menu./src/page/menu.owo
[2019-12-21T16:54:51.904] [DEBUG] default - 页面menu处理用时: 8 毫秒!
[2019-12-21T16:54:51.905] [INFO] default - 开始处理模块: phoneOne
[2019-12-21T16:54:51.909] [DEBUG] default - 缓存模板: phoneOne./src/page/phoneOne.owo
[2019-12-21T16:54:51.913] [DEBUG] default - 发现 keyframes 规则: fade
[2019-12-21T16:54:51.913] [DEBUG] default - 页面phoneOne处理用时: 8 毫秒!
[2019-12-21T16:54:51.915] [INFO] default - 文件夹不存在: C:/Users/my/Documents/GitHub/General-topics-of-local-two-sessions/dist/static/resource
[2019-12-21T16:54:51.916] [INFO] default - 创建文件夹: C:/Users/my/Documents/GitHub/General-topics-of-local-two-sessions/dist/static/resource
[2019-12-21T16:54:51.917] [DEBUG] default - 忽略文件: C:/Users/my/Documents/GitHub/General-topics-of-local-two-sessions/src/resource/icon.png
[2019-12-21T16:54:51.917] [DEBUG] default - 忽略文件: C:/Users/my/Documents/GitHub/General-topics-of-local-two-sessions/src/resource/home-bg.jpg
[2019-12-21T16:54:51.918] [DEBUG] default - 处理资源:  [ 'C:/Users/my/Documents/GitHub/General-topics-of-local-two-sessions/src/resource/home-bg.jpg',
  'C:/Users/my/Documents/GitHub/General-topics-of-local-two-sessions/src/resource/icon.png',
  'C:/Users/my/Documents/GitHub/General-topics-of-local-two-sessions/src/resource/calendar.png',
  'C:/Users/my/Documents/GitHub/General-topics-of-local-two-sessions/src/resource/book-bg.png',
  'C:/Users/my/Documents/GitHub/General-topics-of-local-two-sessions/src/resource/bookshelf.png',
  'C:/Users/my/Documents/GitHub/General-topics-of-local-two-sessions/src/resource/play.png',
  'C:/Users/my/Documents/GitHub/General-topics-of-local-two-sessions/src/resource/marking.png',
  'C:/Users/my/Documents/GitHub/General-topics-of-local-two-sessions/src/resource/index-box-bg.png',
  'C:/Users/my/Documents/GitHub/General-topics-of-local-two-sessions/src/resource/leaving.png',
  'C:/Users/my/Documents/GitHub/General-topics-of-local-two-sessions/src/resource/menu-li.png',
  'C:/Users/my/Documents/GitHub/General-topics-of-local-two-sessions/src/resource/menu-li-active.png' ]
[2019-12-21T16:54:51.918] [DEBUG] default - 资源目录:  C:/Users/my/Documents/GitHub/General-topics-of-local-two-sessions/dist/static/resource
[2019-12-21T16:54:51.920] [DEBUG] default - css中的资源处理完毕!
[2019-12-21T16:54:52.472] [DEBUG] default - 使用postcss处理样式，使用了1个插件!
[2019-12-21T16:54:52.547] [INFO] default - 文件夹不存在: C:\Users\my\Documents\GitHub\General-topics-of-local-two-sessions\dist\static\css
[2019-12-21T16:54:52.547] [INFO] default - 创建文件夹: C:\Users\my\Documents\GitHub\General-topics-of-local-two-sessions\dist\static\css
[2019-12-21T16:54:52.547] [INFO] default - 开始处理附属css中的资源
[2019-12-21T16:54:52.548] [INFO] default - 附属css中的资源处理完毕!
[2019-12-21T16:54:52.548] [INFO] default - 读取文件: C:\Users\my\Documents\GitHub\General-topics-of-local-two-sessions\src\resource\swiper.4.5.0.min.css
[2019-12-21T16:54:52.548] [INFO] default - 附属css中的资源不需要处理!
[2019-12-21T16:54:52.548] [INFO] default - 处理字体: {}
[2019-12-21T16:54:52.559] [INFO] default - 使用postcss处理完毕! 用时: 87 毫秒
[2019-12-21T16:54:52.559] [INFO] default - 正在处理script!
[2019-12-21T16:54:53.293] [INFO] default - 工程中包含多个页面!
[2019-12-21T16:54:53.294] [INFO] default - js中的资源处理完毕!
[2019-12-21T16:54:53.295] [DEBUG] default - 处理引用脚本: [{"name":"jquery1.11.0","src":"http://tools.people.com.cn/libs/jquery/1.11.1/jquery-1.11.1.min.js"},{"name":"swiper.4.5.0.min","src":"./src/resource/swiper.4.5.0.min.js"},{"name":"ThreeWebGL","src":"./src/resource/ThreeWebGL.js"},{"name":"ThreeExtras","src":"./src/resource/ThreeExtras.js"},{"name":"main","src":"./src/main.js","resource":true}]
[2019-12-21T16:54:53.295] [DEBUG] default - 外部脚本数量: 5
[2019-12-21T16:54:53.295] [DEBUG] default - 处理脚本: jquery1.11.0
[2019-12-21T16:54:53.295] [DEBUG] default - 网络脚本: jquery1.11.0
[2019-12-21T16:54:53.295] [DEBUG] default - 处理脚本: swiper.4.5.0.min
[2019-12-21T16:54:53.295] [INFO] default - 读取文件: C:\Users\my\Documents\GitHub\General-topics-of-local-two-sessions\src\resource\swiper.4.5.0.min.js
[2019-12-21T16:54:53.295] [DEBUG] default - 处理脚本: ThreeWebGL
[2019-12-21T16:54:53.295] [INFO] default - 读取文件: C:\Users\my\Documents\GitHub\General-topics-of-local-two-sessions\src\resource\ThreeWebGL.js
[2019-12-21T16:54:53.295] [DEBUG] default - 处理脚本: ThreeExtras
[2019-12-21T16:54:53.295] [INFO] default - 读取文件: C:\Users\my\Documents\GitHub\General-topics-of-local-two-sessions\src\resource\ThreeExtras.js
[2019-12-21T16:54:53.295] [DEBUG] default - 处理脚本: main
[2019-12-21T16:54:53.295] [INFO] default - 读取文件: C:\Users\my\Documents\GitHub\General-topics-of-local-two-sessions\src\main.js
[2019-12-21T16:54:53.295] [DEBUG] default - 输出scriptData
[2019-12-21T16:54:53.299] [DEBUG] default - 准备输出html!
[2019-12-21T16:54:53.300] [DEBUG] default - 忽略文件: C:/Users/my/Documents/GitHub/General-topics-of-local-two-sessions/src/resource/page-logo.png
[2019-12-21T16:54:53.300] [DEBUG] default - 忽略文件: C:/Users/my/Documents/GitHub/General-topics-of-local-two-sessions/src/resource/test.png
[2019-12-21T16:54:53.300] [DEBUG] default - 忽略文件: C:/Users/my/Documents/GitHub/General-topics-of-local-two-sessions/src/resource/test.png
[2019-12-21T16:54:53.300] [DEBUG] default - 忽略文件: C:/Users/my/Documents/GitHub/General-topics-of-local-two-sessions/src/resource/test.png
[2019-12-21T16:54:53.300] [DEBUG] default - 忽略文件: C:/Users/my/Documents/GitHub/General-topics-of-local-two-sessions/src/resource/test.png
[2019-12-21T16:54:53.300] [DEBUG] default - 忽略文件: C:/Users/my/Documents/GitHub/General-topics-of-local-two-sessions/src/resource/test.png
[2019-12-21T16:54:53.300] [DEBUG] default - 忽略文件: C:/Users/my/Documents/GitHub/General-topics-of-local-two-sessions/src/resource/test.png
[2019-12-21T16:54:53.301] [DEBUG] default - 忽略文件: C:/Users/my/Documents/GitHub/General-topics-of-local-two-sessions/src/resource/test.png
[2019-12-21T16:54:53.301] [DEBUG] default - 忽略文件: C:/Users/my/Documents/GitHub/General-topics-of-local-two-sessions/src/resource/test.png
[2019-12-21T16:54:53.301] [DEBUG] default - 忽略文件: C:/Users/my/Documents/GitHub/General-topics-of-local-two-sessions/src/resource/test.png
[2019-12-21T16:54:53.301] [DEBUG] default - 忽略文件: C:/Users/my/Documents/GitHub/General-topics-of-local-two-sessions/src/resource/test.png
[2019-12-21T16:54:53.301] [DEBUG] default - 忽略文件: C:/Users/my/Documents/GitHub/General-topics-of-local-two-sessions/src/resource/test.png
[2019-12-21T16:54:53.301] [DEBUG] default - 忽略文件: C:/Users/my/Documents/GitHub/General-topics-of-local-two-sessions/src/resource/test.png
[2019-12-21T16:54:53.301] [DEBUG] default - 忽略文件: C:/Users/my/Documents/GitHub/General-topics-of-local-two-sessions/src/resource/test.png
[2019-12-21T16:54:53.301] [DEBUG] default - 忽略文件: C:/Users/my/Documents/GitHub/General-topics-of-local-two-sessions/src/resource/test.png
[2019-12-21T16:54:53.301] [DEBUG] default - 忽略文件: C:/Users/my/Documents/GitHub/General-topics-of-local-two-sessions/src/resource/test.png
[2019-12-21T16:54:53.301] [DEBUG] default - 忽略文件: C:/Users/my/Documents/GitHub/General-topics-of-local-two-sessions/src/resource/test.png
[2019-12-21T16:54:53.301] [DEBUG] default - 忽略文件: C:/Users/my/Documents/GitHub/General-topics-of-local-two-sessions/src/resource/test.png
[2019-12-21T16:54:53.302] [DEBUG] default - 忽略文件: C:/Users/my/Documents/GitHub/General-topics-of-local-two-sessions/src/resource/test.png
[2019-12-21T16:54:53.302] [DEBUG] default - 忽略文件: C:/Users/my/Documents/GitHub/General-topics-of-local-two-sessions/src/resource/test.png
[2019-12-21T16:54:53.302] [DEBUG] default - 忽略文件: C:/Users/my/Documents/GitHub/General-topics-of-local-two-sessions/src/resource/test.png
[2019-12-21T16:54:53.302] [DEBUG] default - 忽略文件: C:/Users/my/Documents/GitHub/General-topics-of-local-two-sessions/src/resource/test.png
[2019-12-21T16:54:53.302] [DEBUG] default - 忽略文件: C:/Users/my/Documents/GitHub/General-topics-of-local-two-sessions/src/resource/test.png
[2019-12-21T16:54:53.302] [DEBUG] default - 忽略文件: C:/Users/my/Documents/GitHub/General-topics-of-local-two-sessions/src/resource/test.png
[2019-12-21T16:54:53.305] [DEBUG] default - 忽略文件: C:/Users/my/Documents/GitHub/General-topics-of-local-two-sessions/src/resource/test.png
[2019-12-21T16:54:53.305] [DEBUG] default - 忽略文件: C:/Users/my/Documents/GitHub/General-topics-of-local-two-sessions/src/resource/test.png
[2019-12-21T16:54:53.305] [DEBUG] default - 忽略文件: C:/Users/my/Documents/GitHub/General-topics-of-local-two-sessions/src/resource/test.png
[2019-12-21T16:54:53.305] [DEBUG] default - 忽略文件: C:/Users/my/Documents/GitHub/General-topics-of-local-two-sessions/src/resource/test.png
[2019-12-21T16:54:53.305] [DEBUG] default - 忽略文件: C:/Users/my/Documents/GitHub/General-topics-of-local-two-sessions/src/resource/test.png
[2019-12-21T16:54:53.305] [DEBUG] default - 忽略文件: C:/Users/my/Documents/GitHub/General-topics-of-local-two-sessions/src/resource/test.png
[2019-12-21T16:54:53.305] [DEBUG] default - 忽略文件: C:/Users/my/Documents/GitHub/General-topics-of-local-two-sessions/src/resource/page-logo.png
[2019-12-21T16:54:53.306] [DEBUG] default - 忽略文件: C:/Users/my/Documents/GitHub/General-topics-of-local-two-sessions/src/resource/people.png
[2019-12-21T16:54:53.306] [DEBUG] default - 忽略文件: C:/Users/my/Documents/GitHub/General-topics-of-local-two-sessions/src/resource/people.png
[2019-12-21T16:54:53.306] [DEBUG] default - 忽略文件: C:/Users/my/Documents/GitHub/General-topics-of-local-two-sessions/src/resource/people.png
[2019-12-21T16:54:53.306] [DEBUG] default - 忽略文件: C:/Users/my/Documents/GitHub/General-topics-of-local-two-sessions/src/resource/people.png
[2019-12-21T16:54:53.306] [DEBUG] default - 忽略文件: C:/Users/my/Documents/GitHub/General-topics-of-local-two-sessions/src/resource/people.png
[2019-12-21T16:54:53.306] [DEBUG] default - 忽略文件: C:/Users/my/Documents/GitHub/General-topics-of-local-two-sessions/src/resource/people.png
[2019-12-21T16:54:53.306] [DEBUG] default - 忽略文件: C:/Users/my/Documents/GitHub/General-topics-of-local-two-sessions/src/resource/people.png
[2019-12-21T16:54:53.306] [DEBUG] default - 忽略文件: C:/Users/my/Documents/GitHub/General-topics-of-local-two-sessions/src/resource/people.png
[2019-12-21T16:54:53.306] [DEBUG] default - 忽略文件: C:/Users/my/Documents/GitHub/General-topics-of-local-two-sessions/src/resource/people.png
[2019-12-21T16:54:53.307] [DEBUG] default - 忽略文件: C:/Users/my/Documents/GitHub/General-topics-of-local-two-sessions/src/resource/people.png
[2019-12-21T16:54:53.307] [DEBUG] default - 忽略文件: C:/Users/my/Documents/GitHub/General-topics-of-local-two-sessions/src/resource/page-logo.png
[2019-12-21T16:54:53.307] [DEBUG] default - 忽略文件: C:/Users/my/Documents/GitHub/General-topics-of-local-two-sessions/src/resource/page-logo.png
[2019-12-21T16:54:53.307] [DEBUG] default - 忽略文件: C:/Users/my/Documents/GitHub/General-topics-of-local-two-sessions/src/resource/page-logo.png
[2019-12-21T16:54:53.307] [DEBUG] default - 忽略文件: C:/Users/my/Documents/GitHub/General-topics-of-local-two-sessions/src/resource/page-logo.png
[2019-12-21T16:54:53.307] [DEBUG] default - 忽略文件: C:/Users/my/Documents/GitHub/General-topics-of-local-two-sessions/src/resource/title-5.png
[2019-12-21T16:54:53.307] [DEBUG] default - 忽略文件: C:/Users/my/Documents/GitHub/General-topics-of-local-two-sessions/src/resource/forward-2.png
[2019-12-21T16:54:53.308] [DEBUG] default - 忽略文件: C:/Users/my/Documents/GitHub/General-topics-of-local-two-sessions/src/resource/back-2.png
[2019-12-21T16:54:53.308] [DEBUG] default - 忽略文件: C:/Users/my/Documents/GitHub/General-topics-of-local-two-sessions/src/resource/main.png
[2019-12-21T16:54:53.308] [DEBUG] default - 忽略文件: C:/Users/my/Documents/GitHub/General-topics-of-local-two-sessions/src/resource/build.png
[2019-12-21T16:54:53.308] [DEBUG] default - 忽略文件: C:/Users/my/Documents/GitHub/General-topics-of-local-two-sessions/src/resource/logo.png
[2019-12-21T16:54:53.308] [DEBUG] default - 忽略文件: C:/Users/my/Documents/GitHub/General-topics-of-local-two-sessions/src/resource/arrow.png
[2019-12-21T16:54:53.308] [DEBUG] default - 处理资源:  [ 'C:/Users/my/Documents/GitHub/General-topics-of-local-two-sessions/src/resource/main.png',
  'C:/Users/my/Documents/GitHub/General-topics-of-local-two-sessions/src/resource/build.png',
  'C:/Users/my/Documents/GitHub/General-topics-of-local-two-sessions/src/resource/logo.png',
  'C:/Users/my/Documents/GitHub/General-topics-of-local-two-sessions/src/resource/arrow.png',
  'C:/Users/my/Documents/GitHub/General-topics-of-local-two-sessions/src/resource/page-logo.png',
  'C:/Users/my/Documents/GitHub/General-topics-of-local-two-sessions/src/resource/phone-main.png',
  'C:/Users/my/Documents/GitHub/General-topics-of-local-two-sessions/src/resource/line.png',
  'C:/Users/my/Documents/GitHub/General-topics-of-local-two-sessions/src/resource/title-1.png',
  'C:/Users/my/Documents/GitHub/General-topics-of-local-two-sessions/src/resource/test.png',
  'C:/Users/my/Documents/GitHub/General-topics-of-local-two-sessions/src/resource/title-2.png',
  'C:/Users/my/Documents/GitHub/General-topics-of-local-two-sessions/src/resource/dizhi-icon.png',
  'C:/Users/my/Documents/GitHub/General-topics-of-local-two-sessions/src/resource/icon-menu.png',
  'C:/Users/my/Documents/GitHub/General-topics-of-local-two-sessions/src/resource/people.png',
  'C:/Users/my/Documents/GitHub/General-topics-of-local-two-sessions/src/resource/title-3.png',
  'C:/Users/my/Documents/GitHub/General-topics-of-local-two-sessions/src/resource/title-4.png',
  'C:/Users/my/Documents/GitHub/General-topics-of-local-two-sessions/src/resource/back-2.png',
  'C:/Users/my/Documents/GitHub/General-topics-of-local-two-sessions/src/resource/forward-2.png',
  'C:/Users/my/Documents/GitHub/General-topics-of-local-two-sessions/src/resource/title-5.png',
  'C:/Users/my/Documents/GitHub/General-topics-of-local-two-sessions/src/resource/qr.png' ]
[2019-12-21T16:54:53.308] [DEBUG] default - 资源目录:  C:/Users/my/Documents/GitHub/General-topics-of-local-two-sessions/dist/static/resource
[2019-12-21T16:54:53.309] [DEBUG] default - 开始美化html
[2019-12-21T16:54:53.450] [INFO] default - 文件夹不存在: C:\Users\my\Documents\GitHub\General-topics-of-local-two-sessions\dist\static\js
[2019-12-21T16:54:53.451] [INFO] default - 创建文件夹: C:\Users\my\Documents\GitHub\General-topics-of-local-two-sessions\dist\static\js
[2019-12-21T16:54:53.451] [INFO] default - 包含有页面切换动画!
[2019-12-21T16:54:53.451] [INFO] default - 动画列表: scaleDownCenter,scaleUpCenter,delay400
[2019-12-21T16:54:53.451] [INFO] default - 编译结束!
[2019-12-21T16:54:53.473] [INFO] default - 写入文件: C:\Users\my\Documents\GitHub\General-topics-of-local-two-sessions\dist\static\css\owo.main.w0p3emlibo.css
[2019-12-21T16:54:53.473] [INFO] default - 主要逻辑文件写出成功!
[2019-12-21T16:54:53.474] [INFO] default - 读取成功: C:\Users\my\Documents\GitHub\General-topics-of-local-two-sessions\src\main.css
[2019-12-21T16:54:53.474] [DEBUG] default - 处理资源:  [ 'C:/Users/my/Documents/GitHub/General-topics-of-local-two-sessions/src/resource/bg.jpg',
  'C:/Users/my/Documents/GitHub/General-topics-of-local-two-sessions/src/resource/phone-bg.jpg',
  'C:/Users/my/Documents/GitHub/General-topics-of-local-two-sessions/src/resource/bookshelf-phone.png',
  'C:/Users/my/Documents/GitHub/General-topics-of-local-two-sessions/src/resource/marking-phone.png' ]
[2019-12-21T16:54:53.474] [DEBUG] default - 资源目录:  C:/Users/my/Documents/GitHub/General-topics-of-local-two-sessions/dist/static/resource
[2019-12-21T16:54:53.474] [INFO] default - 读取成功: C:\Users\my\Documents\GitHub\General-topics-of-local-two-sessions\src\main.js
[2019-12-21T16:54:53.505] [INFO] default - 读取成功: C:\Users\my\Documents\GitHub\General-topics-of-local-two-sessions\src\resource\swiper.4.5.0.min.css
[2019-12-21T16:54:53.561] [INFO] default - 写入文件: C:\Users\my\Documents\GitHub\General-topics-of-local-two-sessions\dist\static\css\main.css
[2019-12-21T16:54:53.565] [INFO] default - 写入文件: C:\Users\my\Documents\GitHub\General-topics-of-local-two-sessions\dist\static\js\main.js
[2019-12-21T16:54:53.582] [INFO] default - 写入文件: C:\Users\my\Documents\GitHub\General-topics-of-local-two-sessions\dist\static\css\swiper.4.5.0.min.css
[2019-12-21T16:54:53.587] [INFO] default - 读取成功: C:\Users\my\Documents\GitHub\General-topics-of-local-two-sessions\src\resource\ThreeExtras.js
[2019-12-21T16:54:53.596] [INFO] default - 读取成功: C:\Users\my\Documents\GitHub\General-topics-of-local-two-sessions\src\resource\swiper.4.5.0.min.js
[2019-12-21T16:54:53.597] [INFO] default - 写入文件: C:\Users\my\Documents\GitHub\General-topics-of-local-two-sessions\dist\static\js\ThreeExtras.js
[2019-12-21T16:54:53.597] [INFO] default - 读取成功: C:\Users\my\Documents\GitHub\General-topics-of-local-two-sessions\src\resource\ThreeWebGL.js
[2019-12-21T16:54:53.604] [INFO] default - 写入文件: C:\Users\my\Documents\GitHub\General-topics-of-local-two-sessions\dist\static\js\swiper.4.5.0.min.js
[2019-12-21T16:54:53.604] [INFO] default - 写入文件: C:\Users\my\Documents\GitHub\General-topics-of-local-two-sessions\dist\static\js\ThreeWebGL.js
